Job "send_one (trigger: date[2026-04-16 19:09:33 UTC], next run at: 2026-04-16 19:09:33 UTC)" raised an exception
Traceback (most recent call last):
  File "C:\Users\Parth Tawde\vsCode\coldmailer_py_windows\.venv\Lib\site-packages\apscheduler\executors\base.py", line 131, in run_job
    retval = job.func(*job.args, **job.kwargs)
             ^^^^^^^^^^^^^^^^^^^^^^^^^^^^^^^^^
  File "C:\Users\Parth Tawde\vsCode\coldmailer_py_windows\send.py", line 205, in send_one
    print(f"Sent \u2192 {to_addr}  (thread {resp.get('threadId','?')})")
  File "C:\Users\Parth Tawde\AppData\Local\Programs\Python\Python311\Lib\encodings\cp1252.py", line 19, in encode
    return codecs.charmap_encode(input,self.errors,encoding_table)[0]
           ^^^^^^^^^^^^^^^^^^^^^^^^^^^^^^^^^^^^^^^^^^^^^^^^^^^^^^^
UnicodeEncodeError: 'charmap' codec can't encode character '\u2192' in position 5: character maps to <undefined>
Job "send_one (trigger: date[2026-04-16 19:09:50 UTC], next run at: 2026-04-16 19:09:50 UTC)" raised an exception
Traceback (most recent call last):
  File "C:\Users\Parth Tawde\vsCode\coldmailer_py_windows\.venv\Lib\site-packages\apscheduler\executors\base.py", line 131, in run_job
    retval = job.func(*job.args, **job.kwargs)
             ^^^^^^^^^^^^^^^^^^^^^^^^^^^^^^^^^
  File "C:\Users\Parth Tawde\vsCode\coldmailer_py_windows\send.py", line 205, in send_one
    print(f"Sent \u2192 {to_addr}  (thread {resp.get('threadId','?')})")
  File "C:\Users\Parth Tawde\AppData\Local\Programs\Python\Python311\Lib\encodings\cp1252.py", line 19, in encode
    return codecs.charmap_encode(input,self.errors,encoding_table)[0]
           ^^^^^^^^^^^^^^^^^^^^^^^^^^^^^^^^^^^^^^^^^^^^^^^^^^^^^^^
UnicodeEncodeError: 'charmap' codec can't encode character '\u2192' in position 5: character maps to <undefined>
Job "send_one (trigger: date[2026-04-16 19:10:12 UTC], next run at: 2026-04-16 19:10:12 UTC)" raised an exception
Traceback (most recent call last):
  File "C:\Users\Parth Tawde\vsCode\coldmailer_py_windows\.venv\Lib\site-packages\apscheduler\executors\base.py", line 131, in run_job
    retval = job.func(*job.args, **job.kwargs)
             ^^^^^^^^^^^^^^^^^^^^^^^^^^^^^^^^^
  File "C:\Users\Parth Tawde\vsCode\coldmailer_py_windows\send.py", line 205, in send_one
    print(f"Sent \u2192 {to_addr}  (thread {resp.get('threadId','?')})")
  File "C:\Users\Parth Tawde\AppData\Local\Programs\Python\Python311\Lib\encodings\cp1252.py", line 19, in encode
    return codecs.charmap_encode(input,self.errors,encoding_table)[0]
           ^^^^^^^^^^^^^^^^^^^^^^^^^^^^^^^^^^^^^^^^^^^^^^^^^^^^^^^
UnicodeEncodeError: 'charmap' codec can't encode character '\u2192' in position 5: character maps to <undefined>
Job "send_one (trigger: date[2026-04-16 19:10:31 UTC], next run at: 2026-04-16 19:10:31 UTC)" raised an exception
Traceback (most recent call last):
  File "C:\Users\Parth Tawde\vsCode\coldmailer_py_windows\.venv\Lib\site-packages\apscheduler\executors\base.py", line 131, in run_job
    retval = job.func(*job.args, **job.kwargs)
             ^^^^^^^^^^^^^^^^^^^^^^^^^^^^^^^^^
  File "C:\Users\Parth Tawde\vsCode\coldmailer_py_windows\send.py", line 205, in send_one
    print(f"Sent \u2192 {to_addr}  (thread {resp.get('threadId','?')})")
  File "C:\Users\Parth Tawde\AppData\Local\Programs\Python\Python311\Lib\encodings\cp1252.py", line 19, in encode
    return codecs.charmap_encode(input,self.errors,encoding_table)[0]
           ^^^^^^^^^^^^^^^^^^^^^^^^^^^^^^^^^^^^^^^^^^^^^^^^^^^^^^^
UnicodeEncodeError: 'charmap' codec can't encode character '\u2192' in position 5: character maps to <undefined>
Job "send_one (trigger: date[2026-04-16 19:10:53 UTC], next run at: 2026-04-16 19:10:53 UTC)" raised an exception
Traceback (most recent call last):
  File "C:\Users\Parth Tawde\vsCode\coldmailer_py_windows\.venv\Lib\site-packages\apscheduler\executors\base.py", line 131, in run_job
    retval = job.func(*job.args, **job.kwargs)
             ^^^^^^^^^^^^^^^^^^^^^^^^^^^^^^^^^
  File "C:\Users\Parth Tawde\vsCode\coldmailer_py_windows\send.py", line 205, in send_one
    print(f"Sent \u2192 {to_addr}  (thread {resp.get('threadId','?')})")
  File "C:\Users\Parth Tawde\AppData\Local\Programs\Python\Python311\Lib\encodings\cp1252.py", line 19, in encode
    return codecs.charmap_encode(input,self.errors,encoding_table)[0]
           ^^^^^^^^^^^^^^^^^^^^^^^^^^^^^^^^^^^^^^^^^^^^^^^^^^^^^^^
UnicodeEncodeError: 'charmap' codec can't encode character '\u2192' in position 5: character maps to <undefined>
